build/app/outputs/mapping/release/seeds.txt
com.example.voicode_.MainActivity
com.example.voicode_.MainActivity: MainActivity()
...
androidx.versionedparcelable.CustomVersionedParcelable
androidx.media2.session.SessionTokenImplLegacy
androidx.media.AudioAttributesCompatParcelizer
androidx.appcompat.widget.DialogTitle
com.journeyapps.barcodescanner.ViewfinderView
androidx.media2.session.SessionTokenParcelizer
androidx.lifecycle.SavedStateHandleController
androidx.media2.session.SessionTokenImplBase
androidx.window.layout.WindowMetricsCalculator$Companion$reset$1
android.support.v4.media.session.MediaControllerCompat$MediaControllerImplApi21$ExtraBinderRequestResultReceiver
androidx.media2.session.LibraryResultParcelizer
androidx.media2.session.SessionTokenImplLegacyParcelizer
androidx.media.AudioAttributesImplApi21
com.google.android.gms.common.annotation.KeepName
androidx.media2.common.Rating
androidx.appcompat.widget.ActionMenuView
androidx.appcompat.view.menu.ActionMenuItemView
androidx.media.AudioAttributesCompat
io.flutter.view.TextureRegistry$ImageTextureEntry
androidx.window.embedding.ActivityFilter
androidx.window.layout.SidecarAdapter
androidx.window.layout.SidecarCompat$DistinctSidecarElementCallback
androidx.media2.session.ThumbRatingParcelizer
io.flutter.view.FlutterCallbackInformation
androidx.media2.session.HeartRatingParcelizer
io.grpc.internal.PickFirstLoadBalancerProvider
androidx.window.embedding.ActivityStack
androidx.window.layout.WindowMetrics
com.mr.flutter.plugin.filepicker.FilePickerPlugin$LifeCycleObserver
com.google.firebase.ktx.FirebaseCommonKtxRegistrar
com.google.android.gms.measurement.internal.AppMeasurementDynamiteService
androidx.window.core.Version$bigInteger$2
androidx.window.layout.WindowInfoTracker$Companion
androidx.window.layout.ExtensionInterfaceCompat
androidx.media2.common.MediaMetadata$BitmapEntry
androidx.media2.session.SessionCommandParcelizer
androidx.media2.session.PercentageRatingParcelizer
androidx.media2.session.MediaLibraryService$LibraryParams
androidx.savedstate.Recreator
androidx.window.layout.SidecarCompat$registerConfigurationChangeListener$configChangeObserver$1
androidx.window.embedding.SplitController$Companion
androidx.window.layout.SidecarCompat$Companion
androidx.window.layout.SidecarCompat$FirstAttachAdapter
androidx.media2.session.PlaybackInfoParcelizer
com.google.firebase.installations.ktx.FirebaseInstallationsKtxRegistrar
android.support.v4.media.AudioAttributesImplApi26Parcelizer
io.flutter.plugins.GeneratedPluginRegistrant
androidx.appcompat.widget.Toolbar
androidx.media.AudioAttributesImplApi21Parcelizer
androidx.window.embedding.EmbeddingRule
io.grpc.internal.DnsNameResolverProvider
androidx.window.java.R
androidx.media2.common.TrackInfoParcelizer
androidx.window.layout.WindowMetricsCalculator
androidx.window.layout.SidecarCompat$DistinctElementCallback
androidx.appcompat.widget.AlertDialogLayout
androidx.fragment.app.FragmentManager$6
com.google.android.gms.common.api.Scope
androidx.media2.session.StarRating
io.flutter.plugins.firebase.core.FlutterFirebasePlugin
com.google.firebase.firestore.ktx.FirebaseFirestoreKtxRegistrar
android.support.v4.media.session.MediaSessionCompat$Token
androidx.appcompat.widget.FitWindowsFrameLayout
android.support.v4.media.MediaDescriptionCompat
androidx.activity.ComponentActivity$5
androidx.window.embedding.EmbeddingInterfaceCompat$EmbeddingCallbackInterface
androidx.media2.session.ConnectionRequest
androidx.window.core.Version$Companion
com.google.android.gms.measurement.AppMeasurementReceiver
android.support.v4.media.RatingCompat
androidx.window.layout.HardwareFoldingFeature$Type$Companion
androidx.media2.session.SessionToken$SessionTokenImpl
androidx.media2.common.MediaParcelUtils$MediaItemParcelImpl
com.journeyapps.barcodescanner.CaptureActivity
com.google.android.gms.common.GooglePlayServicesMissingManifestValueException
androidx.window.layout.SidecarWindowBackend$WindowLayoutChangeCallbackWrapper
androidx.window.embedding.ExtensionEmbeddingBackend$EmbeddingCallbackImpl
androidx.core.app.CoreComponentFactory
io.flutter.embedding.engine.FlutterJNI