build/app/outputs/mapping/release/usage.txt
com.example.voicode_.BuildConfig
com.example.voicode_.R$anim
com.example.voicode_.R$animator
com.example.voicode_.R$attr
com.example.voicode_.R$bool
com.example.voicode_.R$color
com.example.voicode_.R$dimen
com.example.voicode_.R$drawable
com.example.voicode_.R$id
com.example.voicode_.R$integer
com.example.voicode_.R$interpolator
com.example.voicode_.R$layout
com.example.voicode_.R$mipmap
com.example.voicode_.R$raw
com.example.voicode_.R$string
com.example.voicode_.R$style
com.example.voicode_.R$styleable
com.example.voicode_.R$xml
com.example.voicode_.R
...
androidx.legacy.coreutils.R$attr
androidx.legacy.coreutils.R$color
androidx.legacy.coreutils.R$dimen
androidx.legacy.coreutils.R$drawable
androidx.legacy.coreutils.R$id
androidx.legacy.coreutils.R$integer
androidx.legacy.coreutils.R$layout
androidx.legacy.coreutils.R$string
androidx.legacy.coreutils.R$style
androidx.legacy.coreutils.R$styleable
androidx.legacy.coreutils.R
androidx.lifecycle.AbstractSavedStateViewModelFactory
androidx.lifecycle.AndroidViewModel
androidx.lifecycle.ClassesInfoCache:
    private static final int CALL_TYPE_NO_ARG
    private static final int CALL_TYPE_PROVIDER
    private static final int CALL_TYPE_PROVIDER_WITH_EVENT
androidx.lifecycle.ComputableLiveData$1
androidx.lifecycle.ComputableLiveData$2
androidx.lifecycle.ComputableLiveData$3
androidx.lifecycle.ComputableLiveData
androidx.lifecycle.GenericLifecycleObserver
androidx.lifecycle.HasDefaultViewModelProviderFactory
androidx.lifecycle.Lifecycle$Event:
    public static androidx.lifecycle.Lifecycle$Event downTo(androidx.lifecycle.Lifecycle$State)
    public static androidx.lifecycle.Lifecycle$Event upTo(androidx.lifecycle.Lifecycle$State)
androidx.lifecycle.LifecycleDispatcher:
    private void <init>()
androidx.lifecycle.LifecycleRegistry:
    public static androidx.lifecycle.LifecycleRegistry createUnsafe(androidx.lifecycle.LifecycleOwner)
    public int getObserverCount()
androidx.lifecycle.LifecycleRegistryOwner:
    public synthetic bridge androidx.lifecycle.Lifecycle getLifecycle()
androidx.lifecycle.Lifecycling$1:
    void <init>(androidx.lifecycle.LifecycleEventObserver)
androidx.lifecycle.Lifecycling:
    private static final int GENERATED_CALLBACK
    private static final int REFLECTIVE_CALLBACK
    private void <init>()
    static androidx.lifecycle.GenericLifecycleObserver getCallback(java.lang.Object)
androidx.lifecycle.LiveData:
    static final int START_VERSION
    public void <init>(java.lang.Object)
    int getVersion()
    public boolean hasObservers()
    protected void postValue(java.lang.Object)
    public void removeObservers(androidx.lifecycle.LifecycleOwner)
androidx.lifecycle.MediatorLiveData$Source
androidx.lifecycle.MediatorLiveData
androidx.lifecycle.MethodCallsLogger:
    public boolean approveCall(java.lang.String,int)
androidx.lifecycle.MutableLiveData:
    public void <init>(java.lang.Object)
    public void postValue(java.lang.Object)
androidx.lifecycle.ProcessLifecycleOwner:
    static final long TIMEOUT_MS
androidx.lifecycle.ReportFragment:
    private static final java.lang.String REPORT_FRAGMENT_TAG
androidx.lifecycle.SavedStateHandle$1
androidx.lifecycle.SavedStateHandle$SavingStateLiveData
androidx.lifecycle.SavedStateHandle:
    private static final java.lang.Class[] ACCEPTABLE_CLASSES
    private static final java.lang.String KEYS
    private static final java.lang.String VALUES
    private final java.util.Map mLiveDatas
    final java.util.Map mRegular
    private final androidx.savedstate.SavedStateRegistry$SavedStateProvider mSavedStateProvider
    final java.util.Map mSavedStateProviders
    static void <clinit>()
    public void <init>()
    public void <init>(java.util.Map)
    public void clearSavedStateProvider(java.lang.String)
    public boolean contains(java.lang.String)
    static androidx.lifecycle.SavedStateHandle createHandle(android.os.Bundle,android.os.Bundle)
    public java.lang.Object get(java.lang.String)
    public androidx.lifecycle.MutableLiveData getLiveData(java.lang.String)
    public androidx.lifecycle.MutableLiveData getLiveData(java.lang.String,java.lang.Object)
    private androidx.lifecycle.MutableLiveData getLiveDataInternal(java.lang.String,boolean,java.lang.Object)
    public java.util.Set keys()
    public java.lang.Object remove(java.lang.String)
    public void set(java.lang.String,java.lang.Object)
    public void setSavedStateProvider(java.lang.String,androidx.savedstate.SavedStateRegistry$SavedStateProvider)
    private static void validateValue(java.lang.Object)